"../../../Engine/Content/EditorBlueprintResources/StandardMacros.uasset" 0
"../../../Engine/Content/EngineSky/C_Sky_Cloud_Color.uasset" 1
"../../../Engine/Content/EngineSky/C_Sky_Horizon_Color.uasset" 2
"../../../Engine/Content/EngineSky/C_Sky_Zenith_Color.uasset" 3
"../../../Engine/Content/EngineSky/T_Sky_Blue.uasset" 4
"../../../Engine/Content/EngineSky/T_Sky_Clouds_M.uasset" 5
"../../../Engine/Content/EngineSky/T_Sky_Stars.uasset" 6
"../../../Engine/Content/EngineSky/SM_SkySphere.uasset" 7
"../../../Engine/Content/EngineSky/M_Sky_Panning_Clouds2.uasset" 8
"../../../Engine/Content/EngineSky/BP_Sky_Sphere.uasset" 9
"../../../Play4_9/Content/AdvancedTurnBasedTileToolkit/Blueprints/Gameplay/BP_Grid_Camera.uasset" 10
"../../../Play4_9/Content/AdvancedTurnBasedTileToolkit/Blueprints/Gameplay/Structs/Struct_Pathfinding.uasset" 11
"../../../Play4_9/Content/AdvancedTurnBasedTileToolkit/Blueprints/Gameplay/ATBTT_PlayerController.uasset" 12
"../../../Play4_9/Content/AdvancedTurnBasedTileToolkit/Blueprints/Gameplay/Interfaces/Interface_Tile.uasset" 13
"../../../Engine/Content/Functions/Engine_MaterialFunctions01/Gradient/LinearGradient.uasset" 14
"../../../Play4_9/Content/AdvancedTurnBasedTileToolkit/Materials/M_HealthBar.uasset" 15
"../../../Play4_9/Content/AdvancedTurnBasedTileToolkit/Materials/HealthBarTest.uasset" 16
"../../../Play4_9/Content/AdvancedTurnBasedTileToolkit/Meshes/SM_Health_Bar.uasset" 17
"../../../Play4_9/Content/AdvancedTurnBasedTileToolkit/Blueprints/Pawns/Unit_Parent.uasset" 18
"../../../Play4_9/Content/AdvancedTurnBasedTileToolkit/Blueprints/Gameplay/ATBTT_AI_Controller.uasset" 19
"../../../Play4_9/Content/AdvancedTurnBasedTileToolkit/Blueprints/Gameplay/Interfaces/Interface_HUD.uasset" 20
"../../../Play4_9/Content/AdvancedTurnBasedTileToolkit/Blueprints/Gameplay/HUD_Faction_Turn.uasset" 21
"../../../Play4_9/Content/AdvancedTurnBasedTileToolkit/Blueprints/Gameplay/ATBTT_GameMode.uasset" 22
"../../../Play4_9/Content/AdvancedTurnBasedTileToolkit/Blueprints/Gameplay/Structs/Struct_Edges_Square.uasset" 23
"../../../Play4_9/Content/AdvancedTurnBasedTileToolkit/Blueprints/Tiles/Tile_Parent.uasset" 24
"../../../Play4_9/Content/AdvancedTurnBasedTileToolkit/Blueprints/Gameplay/Structs/Struct_Range.uasset" 25
"../../../Play4_9/Content/AdvancedTurnBasedTileToolkit/Textures/Marker_Current.uasset" 26
"../../../Play4_9/Content/AdvancedTurnBasedTileToolkit/Materials/Decal_CurrentMarker.uasset" 27
"../../../Play4_9/Content/AdvancedTurnBasedTileToolkit/Textures/Marker_Hover.uasset" 28
"../../../Play4_9/Content/AdvancedTurnBasedTileToolkit/Materials/Decal_HoverMarker.uasset" 29
"../../../Play4_9/Content/AdvancedTurnBasedTileToolkit/Materials/Decal_Square_Blue.uasset" 30
"../../../Play4_9/Content/AdvancedTurnBasedTileToolkit/Materials/Decal_Square_Red.uasset" 31
"../../../Play4_9/Content/AdvancedTurnBasedTileToolkit/Materials/Decal_Square_Yellow.uasset" 32
"../../../Play4_9/Content/AdvancedTurnBasedTileToolkit/Textures/Marker_Target.uasset" 33
"../../../Play4_9/Content/AdvancedTurnBasedTileToolkit/Materials/Decal_TargetMarker.uasset" 34
"../../../Play4_9/Content/AdvancedTurnBasedTileToolkit/Materials/M_White_Emissive.uasset" 35
"../../../Play4_9/Content/AdvancedTurnBasedTileToolkit/Textures/Tile_Grey.uasset" 36
"../../../Play4_9/Content/AdvancedTurnBasedTileToolkit/Materials/M_Tiling_Grid.uasset" 37
"../../../Play4_9/Content/AdvancedTurnBasedTileToolkit/Materials/greySquare_big.uasset" 38
"../../../Play4_9/Content/AdvancedTurnBasedTileToolkit/Materials/M_Tiling_Grid_Instance.uasset" 39
"../../../Play4_9/Content/AdvancedTurnBasedTileToolkit/Blueprints/Gameplay/Enums/Enum_DisplayObject.uasset" 40
"../../../Play4_9/Content/AdvancedTurnBasedTileToolkit/Blueprints/Gameplay/Enums/Enum_Height.uasset" 41
"../../../Engine/Content/Functions/Engine_MaterialFunctions01/Opacity/CameraDepthFade.uasset" 42
"../../../Engine/Content/EngineMaterials/T_Default_Material_Grid_M.uasset" 43
"../../../Engine/Content/EngineMaterials/T_Default_Material_Grid_N.uasset" 44
"../../../Engine/Content/EngineMaterials/WorldGridMaterial.uasset" 45
"../../../Play4_9/Content/AdvancedTurnBasedTileToolkit/Meshes/simple_plane_UV.uasset" 46
"../../../Play4_9/Content/AdvancedTurnBasedTileToolkit/Meshes/SM_Arrow.uasset" 47
"../../../Play4_9/Content/AdvancedTurnBasedTileToolkit/Meshes/SM_Frame_Current_Unit.uasset" 48
"../../../Play4_9/Content/AdvancedTurnBasedTileToolkit/Meshes/SM_Frame_Hover.uasset" 49
"../../../Play4_9/Content/AdvancedTurnBasedTileToolkit/Meshes/SM_Frame_Target.uasset" 50
"../../../Play4_9/Content/AdvancedTurnBasedTileToolkit/Meshes/SM_spline_path.uasset" 51
"../../../Play4_9/Content/AdvancedTurnBasedTileToolkit/Materials/M_Yellow_Transparent.uasset" 52
"../../../Play4_9/Content/AdvancedTurnBasedTileToolkit/Meshes/SM_Tile_In_Long_Move_Range.uasset" 53
"../../../Play4_9/Content/AdvancedTurnBasedTileToolkit/Materials/M_Blue_Transparent.uasset" 54
"../../../Play4_9/Content/AdvancedTurnBasedTileToolkit/Meshes/SM_Tile_In_Move_Range_Square.uasset" 55
"../../../Play4_9/Content/AdvancedTurnBasedTileToolkit/Materials/M_Red_Transparent.uasset" 56
"../../../Play4_9/Content/AdvancedTurnBasedTileToolkit/Meshes/SM_Tile_In_Sight_Range_Square.uasset" 57
"../../../Play4_9/Content/AdvancedTurnBasedTileToolkit/Materials/M_Black.uasset" 58
"../../../Play4_9/Content/AdvancedTurnBasedTileToolkit/Materials/M_Grey.uasset" 59
"../../../Play4_9/Content/AdvancedTurnBasedTileToolkit/Meshes/SM_Tile_Square.uasset" 60
"../../../Play4_9/Content/AdvancedTurnBasedTileToolkit/Blueprints/Gameplay/BP_Grid_Manager.uasset" 61
"../../../Engine/Content/EngineMeshes/Humanoid.uasset" 62
"../../../Engine/Content/Functions/Engine_MaterialFunctions02/Utility/BlendAngleCorrectedNormals.uasset" 63
"../../../Engine/Content/Functions/MaterialLayerFunctions/MatLayerBlend_AO.uasset" 64
"../../../Engine/Content/Functions/MaterialLayerFunctions/MatLayerBlend_NormalBlend.uasset" 65
"../../../Engine/Content/Functions/MaterialLayerFunctions/MatLayerBlend_Simple.uasset" 66
"../../../Play4_9/Content/AdvancedTurnBasedTileToolkit/Materials/MaterialLayers/T_ML_Rubber_Blue_01_D.uasset" 67
"../../../Play4_9/Content/AdvancedTurnBasedTileToolkit/Materials/MaterialLayers/T_ML_Rubber_Blue_01_N.uasset" 68
"../../../Play4_9/Content/AdvancedTurnBasedTileToolkit/Materials/MaterialLayers/ML_GlossyBlack_Latex_UE4.uasset" 69
"../../../Play4_9/Content/AdvancedTurnBasedTileToolkit/Materials/MaterialLayers/ML_Plastic_Shiny_Beige.uasset" 70
"../../../Play4_9/Content/AdvancedTurnBasedTileToolkit/Textures/UE4_LOGO_CARD.uasset" 71
"../../../Play4_9/Content/AdvancedTurnBasedTileToolkit/Materials/MaterialLayers/ML_Plastic_Shiny_Beige_LOGO.uasset" 72
"../../../Play4_9/Content/AdvancedTurnBasedTileToolkit/Materials/MaterialLayers/T_ML_Aluminum01.uasset" 73
"../../../Play4_9/Content/AdvancedTurnBasedTileToolkit/Materials/MaterialLayers/T_ML_Aluminum01_N.uasset" 74
"../../../Play4_9/Content/AdvancedTurnBasedTileToolkit/Materials/MaterialLayers/ML_SoftMetal_UE4.uasset" 75
"../../../Play4_9/Content/AdvancedTurnBasedTileToolkit/Textures/T_UE4_Mannequin_Mobile_M.uasset" 76
"../../../Play4_9/Content/AdvancedTurnBasedTileToolkit/Textures/T_UE4_Mannequin_Mobile_N.uasset" 77
"../../../Play4_9/Content/AdvancedTurnBasedTileToolkit/Textures/T_UE4_Mannequin_Mobile_O.uasset" 78
"../../../Play4_9/Content/AdvancedTurnBasedTileToolkit/Materials/M_UE4Man_Body.uasset" 79
"../../../Play4_9/Content/AdvancedTurnBasedTileToolkit/Textures/UE4Man_Logo_N.uasset" 80
"../../../Play4_9/Content/AdvancedTurnBasedTileToolkit/Materials/M_UE4Man_ChestLogo.uasset" 81
"../../../Play4_9/Content/AdvancedTurnBasedTileToolkit/Characters/SK_Mannequin_Mobile_PhysicsAsset.uasset" 82
"../../../Play4_9/Content/AdvancedTurnBasedTileToolkit/Characters/SK_Mannequin_Mobile.uasset" 83
"../../../Play4_9/Content/AdvancedTurnBasedTileToolkit/Characters/SK_Mannequin_Mobile_Skeleton.uasset" 84
"../../../Play4_9/Content/AdvancedTurnBasedTileToolkit/Animations/Attack_Melee.uasset" 85
"../../../Play4_9/Content/AdvancedTurnBasedTileToolkit/Animations/Death.uasset" 86
"../../../Play4_9/Content/AdvancedTurnBasedTileToolkit/Animations/Idle.uasset" 87
"../../../Play4_9/Content/AdvancedTurnBasedTileToolkit/Animations/Run.uasset" 88
"../../../Play4_9/Content/AdvancedTurnBasedTileToolkit/Animations/Walk.uasset" 89
"../../../Play4_9/Content/AdvancedTurnBasedTileToolkit/Animations/Blend_Space_Melee.uasset" 90
"../../../Play4_9/Content/AdvancedTurnBasedTileToolkit/Animations/Pawn_Anim_BP_Parent.uasset" 91
"../../../Play4_9/Content/AdvancedTurnBasedTileToolkit/Animations/Fire_Shotgun_Hip.uasset" 92
"../../../Play4_9/Content/AdvancedTurnBasedTileToolkit/Animations/Idle_Rifle_Hip.uasset" 93
"../../../Play4_9/Content/AdvancedTurnBasedTileToolkit/Animations/Jog_Fwd_Rifle.uasset" 94
"../../../Play4_9/Content/AdvancedTurnBasedTileToolkit/Animations/Sprint_Fwd_Rifle.uasset" 95
"../../../Play4_9/Content/AdvancedTurnBasedTileToolkit/Animations/Blend_Space_Ranged.uasset" 96
"../../../Play4_9/Content/AdvancedTurnBasedTileToolkit/Animations/Pawn_Anim_BP_Parent_Ranged.uasset" 97
"../../../Play4_9/Content/AdvancedTurnBasedTileToolkit/Materials/M_UE4Man_Body_Red.uasset" 98
"../../../Play4_9/Content/AdvancedTurnBasedTileToolkit/Materials/M_UE4Man_ChestLogo_Red.uasset" 99
"../../../Play4_9/Content/AdvancedTurnBasedTileToolkit/Blueprints/Pawns/Unit_Enemy_Ranged.uasset" 100
"../../../Play4_9/Content/AdvancedTurnBasedTileToolkit/Materials/M_UE4Man_Body_Green.uasset" 101
"../../../Play4_9/Content/AdvancedTurnBasedTileToolkit/Materials/M_UE4Man_ChestLogo_Green.uasset" 102
"../../../Play4_9/Content/AdvancedTurnBasedTileToolkit/Blueprints/Pawns/Unit_Player_Melee.uasset" 103
"../../../Play4_9/Content/AdvancedTurnBasedTileToolkit/Blueprints/Pawns/Unit_Player_Ranged.uasset" 104
"../../../Play4_9/Content/AdvancedTurnBasedTileToolkit/Textures/Marker_Current_Hex.uasset" 105
"../../../Play4_9/Content/AdvancedTurnBasedTileToolkit/Materials/Decal_CurrentMarkerHex.uasset" 106
"../../../Play4_9/Content/AdvancedTurnBasedTileToolkit/Textures/Mask_Hex.uasset" 107
"../../../Play4_9/Content/AdvancedTurnBasedTileToolkit/Materials/Decal_Hex_Blue.uasset" 108
"../../../Play4_9/Content/AdvancedTurnBasedTileToolkit/Materials/Decal_Hex_Red.uasset" 109
"../../../Play4_9/Content/AdvancedTurnBasedTileToolkit/Textures/Marker_Hover_Hex.uasset" 110
"../../../Play4_9/Content/AdvancedTurnBasedTileToolkit/Materials/Decal_HoverMarkerHex.uasset" 111
"../../../Play4_9/Content/AdvancedTurnBasedTileToolkit/Textures/Marker_Target_Hex.uasset" 112
"../../../Play4_9/Content/AdvancedTurnBasedTileToolkit/Materials/Decal_TargetMarker_Hex.uasset" 113
"../../../Play4_9/Content/AdvancedTurnBasedTileToolkit/Meshes/SM_Frame_Hex.uasset" 114
"../../../Play4_9/Content/AdvancedTurnBasedTileToolkit/Meshes/SM_Frame_Hex_Cut.uasset" 115
"../../../Play4_9/Content/AdvancedTurnBasedTileToolkit/Meshes/SM_Tile_Hex.uasset" 116
"../../../Play4_9/Content/AdvancedTurnBasedTileToolkit/Meshes/SM_Tile_in_Move_Range_Hex.uasset" 117
"../../../Play4_9/Content/AdvancedTurnBasedTileToolkit/Meshes/SM_Tile_in_Sight_Range_Hex.uasset" 118
"../../../Play4_9/Content/AdvancedTurnBasedTileToolkit/Maps/Map_Grid_Example.umap" 119
"../../../Engine/Content/EngineFonts/Roboto.uasset" 120
"../../../Engine/Content/Functions/Engine_MaterialFunctions01/Shading/PowerToRoughness.uasset" 121
"../../../Engine/Content/EngineMaterials/DefaultDiffuse.uasset" 122
"../../../Engine/Content/EngineMaterials/DefaultDeferredDecalMaterial.uasset" 123
"../../../Engine/Content/EngineMaterials/DefaultLightFunctionMaterial.uasset" 124
"../../../Engine/Content/Functions/Engine_MaterialFunctions02/Utility/BreakOutFloat2Components.uasset" 125
"../../../Engine/Content/EngineMaterials/DefaultPostProcessMaterial.uasset" 126
"../../../Engine/Content/EngineResources/DefaultTexture.uasset" 127
"../../../Engine/Content/Functions/Engine_MaterialFunctions02/Texturing/ScreenAlignedUVs.uasset" 128
"../../../Engine/Content/EngineResources/WhiteSquareTexture.uasset" 129
"../../../Engine/Content/EngineMaterials/Widget3DPassThrough.uasset" 130
"../../../Engine/Content/EngineMaterials/Widget3DPassThrough_Translucent.uasset" 131
"../../../Engine/Content/EngineMaterials/Widget3DPassThrough_Translucent_OneSided.uasset" 132
"../../../Engine/Content/EngineMaterials/Widget3DPassThrough_Opaque.uasset" 133
"../../../Engine/Content/EngineMaterials/Widget3DPassThrough_Opaque_OneSided.uasset" 134
"../../../Engine/Content/EngineMaterials/Widget3DPassThrough_Masked.uasset" 135
"../../../Engine/Content/EngineMaterials/Widget3DPassThrough_Masked_OneSided.uasset" 136
"../../../Engine/Content/EditorResources/S_Actor.uasset" 137
"../../../Engine/Content/EditorResources/S_Emitter.uasset" 138
"../../../Engine/Content/EditorResources/Bad.uasset" 139
"../../../Engine/Content/EditorResources/Bkgnd.uasset" 140
"../../../Engine/Content/EditorResources/BkgndHi.uasset" 141
"../../../Engine/Content/EditorMeshes/EditorCube.uasset" 142
"../../../Engine/Content/EditorMeshes/EditorSphere.uasset" 143
"../../../Engine/Content/EditorMeshes/EditorPlane.uasset" 144
"../../../Engine/Content/EditorMeshes/EditorCylinder.uasset" 145
"../../../Engine/Content/Maps/Templates/Thumbnails/Default.uasset" 146
"../../../Engine/Content/EditorMaterials/Thumbnails/SkySphereMaterial.uasset" 147
"../../../Engine/Content/EditorMeshes/EditorSkySphere.uasset" 148
"../../../Engine/Content/EngineMaterials/Grid.uasset" 149
"../../../Engine/Content/EditorMaterials/Thumbnails/FloorPlaneMaterial.uasset" 150
"../../../Engine/Content/MapTemplates/Sky/DaylightAmbientCubemap.uasset" 151
"../../../Engine/Content/EditorMaterials/ParticleSystems/PSysThumbnail_NoImage.uasset" 152
"../../../Engine/Content/EditorMaterials/ParticleSystems/PSysThumbnail_OOD.uasset" 153
"../../../Engine/Content/EditorResources/S_DecalActorIcon.uasset" 154
"../../../Engine/Content/EditorLandscapeResources/LandscapeGizmo_Mat.uasset" 155
"../../../Engine/Content/EditorLandscapeResources/LandscapeGizmo_Mat_Copied.uasset" 156
"../../../Engine/Content/EditorLandscapeResources/LandscapeGizmoHeight_Mat.uasset" 157
"../../../Engine/Content/EditorLandscapeResources/DataLayer.uasset" 158
"../../../Engine/Content/EditorResources/S_Terrain.uasset" 159
"../../../Engine/Content/EditorLandscapeResources/SplineEditorMeshMat.uasset" 160
"../../../Engine/Content/EditorLandscapeResources/SplineEditorMesh.uasset" 161
"../../../Engine/Content/EditorResources/MatineeCam_D.uasset" 162
"../../../Engine/Content/EditorMaterials/MatineeCam_mat.uasset" 163
"../../../Engine/Content/EditorMeshes/MatineeCam_SM.uasset" 164
"../../../Engine/Content/Functions/Engine_MaterialFunctions02/Utility/Sign.uasset" 165
"../../../Engine/Content/Functions/Engine_MaterialFunctions02/Utility/Round.uasset" 166
"../../../Engine/Content/Functions/Engine_MaterialFunctions02/ExampleContent/Textures/flipbook.uasset" 167
"../../../Engine/Content/Functions/Engine_MaterialFunctions02/Texturing/FlipBook.uasset" 168
"../../../Engine/Content/EditorResources/T_EditorHelp.uasset" 169
"../../../Engine/Content/EditorMaterials/HelpActorMaterial.uasset" 170
"../../../Engine/Content/EditorResources/S_ExpoHeightFog.uasset" 171
"../../../Engine/Content/EditorResources/S_NavP.uasset" 172
"../../../Engine/Content/EditorResources/S_Player.uasset" 173
"../../../Engine/Content/EditorResources/LightIcons/SkyLight.uasset" 174
"../../../Engine/Content/EditorResources/S_WindDirectional.uasset" 175
"../../../Engine/Content/EngineDamageTypes/DmgTypeBP_Environmental.uasset" 176
"../../../Engine/Content/EditorResources/LightIcons/S_LightDirectional.uasset" 177
"../../../Engine/Content/EditorResources/LightIcons/S_LightDirectionalMove.uasset" 178
"../../../Engine/Content/EditorResources/LightIcons/S_LightPoint.uasset" 179
"../../../Engine/Content/EditorResources/LightIcons/S_LightPointMove.uasset" 180
"../../../Engine/Content/EditorResources/LightIcons/S_LightSpot.uasset" 181
"../../../Engine/Content/EditorResources/LightIcons/S_LightSpotMove.uasset" 182
"../../../Engine/Content/EditorResources/MatInstActSprite.uasset" 183
"../../../Engine/Content/EditorResources/SceneManager.uasset" 184
"../../../Engine/Content/EditorResources/AI/S_NavLink.uasset" 185
"../../../Engine/Content/EditorResources/S_Note.uasset" 186
"../../../Engine/Content/EngineMeshes/Sphere.uasset" 187
"../../../Engine/Content/EditorResources/S_ReflActorIcon.uasset" 188
"../../../Engine/Content/EditorResources/S_Thruster.uasset" 189
"../../../Engine/Content/EditorResources/S_RadForce.uasset" 190
"../../../Engine/Content/EditorMaterials/TargetIcon.uasset" 191
"../../../Engine/Content/EngineFonts/RobotoDistanceField.uasset" 192
"../../../Engine/Content/EngineMaterials/DefaultTextMaterialOpaque.uasset" 193
"../../../Engine/Content/EditorResources/S_TextRenderActorIcon.uasset" 194
"../../../Engine/Content/EditorResources/S_Trigger.uasset" 195
"../../../Engine/Content/EditorResources/S_VectorFieldVol.uasset" 196
"../../../Engine/Content/EngineResources/GradientTexture0.uasset" 197
"../../../Engine/Content/EngineResources/Black.uasset" 198
"../../../Engine/Content/EditorMaterials/MatineeGroups/MAT_Groups_Float.uasset" 199
"../../../Engine/Content/EditorMaterials/MatineeGroups/MAT_Groups_Director.uasset" 200
"../../../Engine/Content/EditorMaterials/MatineeGroups/MAT_Groups_Event.uasset" 201
"../../../Engine/Content/EditorMaterials/MatineeGroups/MAT_Groups_Anim.uasset" 202
"../../../Engine/Content/EditorMaterials/MatineeGroups/MAT_Groups_Fade.uasset" 203
"../../../Engine/Content/EditorMaterials/MatineeGroups/MAT_Groups_Move.uasset" 204
"../../../Engine/Content/EditorMaterials/MatineeGroups/MAT_Groups_Slomo.uasset" 205
"../../../Engine/Content/EditorMaterials/MatineeGroups/MAT_ColorTrack.uasset" 206
"../../../Engine/Content/EditorMaterials/MAT_Groups_Toggle.uasset" 207
"../../../Engine/Content/EditorMaterials/MatineeGroups/MAT_Groups_AudioMaster.uasset" 208
"../../../Engine/Content/EditorMaterials/MatineeGroups/MAT_Groups_Sound.uasset" 209
"../../../Engine/Content/EditorMaterials/MatineeGroups/MAT_Groups_Vector.uasset" 210
"../../../Engine/Content/EditorMaterials/MAT_Groups_Visibility.uasset" 211
"../../../Engine/Content/EngineResources/DefaultTextureCube.uasset" 212
"../../../Engine/Content/EngineMaterials/DefaultMaterial.uasset" 213
"../../../Engine/Content/EngineMeshes/Cylinder.uasset" 214
"../../../Engine/Content/EngineTireTypes/DefaultTireType.uasset" 215
"../../../Engine/Content/EditorResources/S_FTest.uasset" 216
"../../../Engine/Content/EngineResources/AICON-Red.uasset" 217
"../../../Engine/Content/EngineResources/AICON-Green.uasset" 218
"../../../Engine/Plugins/2D/Paper2D/Content/PlaceholderTextures/DummySpriteTexture.uasset" 219
"../../../Engine/Plugins/2D/Paper2D/Content/DefaultSpriteMaterial.uasset" 220
"../../../Engine/Plugins/2D/Paper2D/Content/MaskedUnlitSpriteMaterial.uasset" 221
"../../../Engine/Plugins/2D/Paper2D/Content/OpaqueUnlitSpriteMaterial.uasset" 222
"../../../Engine/Plugins/2D/Paper2D/Content/DummySprite.uasset" 223
"../../../Engine/Plugins/2D/Paper2D/Content/DefaultPaperTerrainMaterial.uasset" 224
"../../../Engine/Content/EditorSounds/Notifications/CompileSuccess.uasset" 225
"../../../Engine/Content/EditorSounds/Notifications/CompileStart_Cue.uasset" 226
"../../../Engine/Content/EditorSounds/Notifications/CompileSuccess_Cue.uasset" 227
"../../../Engine/Content/EditorSounds/Notifications/CompileFailed.uasset" 228
"../../../Engine/Content/EditorSounds/Notifications/CompileFailed_Cue.uasset" 229
"../../../Engine/Content/BufferVisualization/BaseColor.uasset" 230
"../../../Engine/Content/BufferVisualization/CustomDepth.uasset" 231
"../../../Engine/Content/Functions/Engine_MaterialFunctions02/Utility/MakeFloat2.uasset" 232
"../../../Engine/Content/Functions/Engine_MaterialFunctions02/Utility/MakeFloat3.uasset" 233
"../../../Engine/Content/EngineMaterials/MiniFont.uasset" 234
"../../../Engine/Content/BufferVisualization/CustomStencil.uasset" 235
"../../../Engine/Content/BufferVisualization/DecalMask.uasset" 236
"../../../Engine/Content/BufferVisualization/FinalImage.uasset" 237
"../../../Engine/Content/BufferVisualization/LightingModel.uasset" 238
"../../../Engine/Content/BufferVisualization/MaterialAO.uasset" 239
"../../../Engine/Content/BufferVisualization/Metallic.uasset" 240
"../../../Engine/Content/BufferVisualization/Opacity.uasset" 241
"../../../Engine/Content/BufferVisualization/Roughness.uasset" 242
"../../../Engine/Content/BufferVisualization/SceneColor.uasset" 243
"../../../Engine/Content/BufferVisualization/SceneDepth.uasset" 244
"../../../Engine/Content/BufferVisualization/SeparateTranslucencyRGB.uasset" 245
"../../../Engine/Content/BufferVisualization/SeparateTranslucencyA.uasset" 246
"../../../Engine/Content/BufferVisualization/Specular.uasset" 247
"../../../Engine/Content/BufferVisualization/SubsurfaceColor.uasset" 248
"../../../Engine/Content/BufferVisualization/WorldNormal.uasset" 249
"../../../Engine/Content/EngineMaterials/DefaultPhysicalMaterial.uasset" 250
"../../../Engine/Content/BufferVisualization/AmbientOcclusion.uasset" 251
"../../../Engine/Content/Functions/Engine_MaterialFunctions02/Utility/VectorLength.uasset" 252
"../../../Engine/Content/BufferVisualization/CustomDepthWorldUnits.uasset" 253
"../../../Engine/Content/BufferVisualization/SceneDepthWorldUnits.uasset" 254
"../../../Engine/Plugins/Runtime/LeapMotionController/Content/LM_CapsuleMesh.uasset" 255
"../../../Engine/Plugins/Runtime/LeapMotionController/Content/LM_TorusMesh.uasset" 256
"../../../Engine/Plugins/Runtime/LeapMotionController/Content/LM_HandColor.uasset" 257
"../../../Engine/Plugins/Runtime/LeapMotionController/Content/LM_SampleDistortion.uasset" 258
"../../../Engine/Plugins/Runtime/LeapMotionController/Content/LM_TestTexture.uasset" 259
"../../../Engine/Plugins/Runtime/LeapMotionController/Content/LM_PassthroughMaterial.uasset" 260
"../../../Engine/Content/BasicShapes/Cube.uasset" 261
"../../../Engine/Content/EngineMaterials/HighResolutionScreenshotMaskFunction.uasset" 262
"../../../Engine/Content/EngineMaterials/HighResScreenshot.uasset" 263
"../../../Engine/Content/EngineMaterials/HighResScreenshotMask.uasset" 264
"../../../Engine/Content/EngineMaterials/HighResScreenshotCaptureRegion.uasset" 265
"../../../Engine/Content/EngineDebugMaterials/WireframeMaterial.uasset" 266
"../../../Engine/Content/Functions/Engine_MaterialFunctions01/Shading/ConvertFromDiffSpec.uasset" 267
"../../../Engine/Content/EngineDebugMaterials/LevelColorationLitMaterial.uasset" 268
"../../../Engine/Content/EngineDebugMaterials/LevelColorationUnlitMaterial.uasset" 269
"../../../Engine/Content/EngineMaterials/DefaultWhiteGrid.uasset" 270
"../../../Engine/Content/EngineDebugMaterials/MAT_LevelColorationLitLightmapUV.uasset" 271
"../../../Engine/Content/EngineDebugMaterials/ShadedLevelColorationLitMaterial.uasset" 272
"../../../Engine/Content/EngineDebugMaterials/ShadedLevelColorationUnlitMateri.uasset" 273
"../../../Engine/Content/EngineDebugMaterials/VertexColorMaterial.uasset" 274
"../../../Engine/Content/EngineDebugMaterials/VertexColorViewMode_ColorOnly.uasset" 275
"../../../Engine/Content/EngineDebugMaterials/VertexColorViewMode_AlphaAsColor.uasset" 276
"../../../Engine/Content/EngineDebugMaterials/VertexColorViewMode_RedOnly.uasset" 277
"../../../Engine/Content/EngineDebugMaterials/VertexColorViewMode_GreenOnly.uasset" 278
"../../../Engine/Content/EngineDebugMaterials/VertexColorViewMode_BlueOnly.uasset" 279
"../../../Engine/Content/EngineMaterials/RemoveSurfaceMaterial.uasset" 280
"../../../Engine/Content/EngineDebugMaterials/DebugMeshMaterial.uasset" 281
"../../../Engine/Content/EngineMaterials/InvalidLightmapSettings.uasset" 282
"../../../Engine/Content/EngineMaterials/M_InvalidLightmapSettings.uasset" 283
"../../../Engine/Content/EditorMaterials/GizmoMaterial.uasset" 284
"../../../Engine/Content/EngineDebugMaterials/GeomMaterial.uasset" 285
"../../../Engine/Content/EngineMaterials/EditorBrushMaterial.uasset" 286
"../../../Engine/Content/EngineDebugMaterials/HeatmapGradient.uasset" 287
"../../../Engine/Content/EngineDebugMaterials/BoneWeightMaterial.uasset" 288
"../../../Engine/Content/EditorMaterials/PreviewShadowIndicator.uasset" 289
"../../../Engine/Content/EditorMaterials/PreviewShadowIndicatorMaterial.uasset" 290
"../../../Engine/Content/EditorMaterials/PhAT_JointLimitMaterial.uasset" 291
"../../../Engine/Content/EditorResources/BSPVertex.uasset" 292
"../../../Engine/Content/EngineMaterials/Good64x64TilingNoiseHighFreq.uasset" 293
"../../../Engine/Content/EngineMaterials/DefaultBokeh.uasset" 294
"../../../Engine/Content/EngineMaterials/PreintegratedSkinBRDF.uasset" 295
"../../../Engine/Content/EngineMaterials/WeightMapPlaceholderTexture.uasset" 296
"../../../Engine/Content/EngineFonts/RobotoTiny.uasset" 297
"../../../Engine/Content/Tutorial/Basics/LevelEditorAttract.uasset" 298
"../../../Engine/Content/Tutorial/ContentIntroCurve.uasset" 299
"../../../Engine/Content/EditorMaterials/Cross.uasset" 300
"../../../Engine/Content/EditorMaterials/Cross_Mat.uasset" 301
"../../../Engine/Content/EditorMaterials/PhAT_BoneSelectedMaterial.uasset" 302
"../../../Engine/Content/EditorMaterials/PhAT_ElemSelectedMaterial.uasset" 303
"../../../Engine/Content/EditorMaterials/PhAT_NoCollisionMaterial.uasset" 304
"../../../Engine/Content/EditorMaterials/PhAT_UnselectedMaterial.uasset" 305
"../../../Engine/Content/EditorMaterials/Tick.uasset" 306
"../../../Engine/Content/EditorMaterials/Tick_Mat.uasset" 307
"../../../Engine/Content/EditorMaterials/WidgetGridVertexColorMaterial.uasset" 308
"../../../Engine/Content/EditorMaterials/WidgetGridVertexColorMaterial_Ma.uasset" 309
"../../../Engine/Content/EditorMaterials/WidgetMaterial.uasset" 310
"../../../Engine/Content/EditorMaterials/WidgetMaterial_Current.uasset" 311
"../../../Engine/Content/EditorMaterials/WidgetMaterial_X.uasset" 312
"../../../Engine/Content/EditorMaterials/WidgetMaterial_Y.uasset" 313
"../../../Engine/Content/EditorMaterials/WidgetMaterial_Z.uasset" 314
"../../../Engine/Content/EditorMaterials/WidgetVertexColorMaterial.uasset" 315
"../../../Engine/Content/EditorMaterials/CompositeARGBLayer.uasset" 316
"../../../Engine/Content/EditorMaterials/TilingAALineIntegral.uasset" 317
"../../../Engine/Content/EditorMaterials/TilingAALineBoxFiltered.uasset" 318
"../../../Engine/Content/Functions/Engine_MaterialFunctions03/Procedurals/ComputeFilterWidth.uasset" 319
"../../../Engine/Content/EditorMaterials/TilingAADots.uasset" 320
"../../../Engine/Content/EditorMaterials/Cascade/CASC_Cross.uasset" 321
"../../../Engine/Content/EditorMaterials/Cascade/CASC_None.uasset" 322
"../../../Engine/Content/Functions/Engine_MaterialFunctions03/Blends/Blend_Screen.uasset" 323
"../../../Engine/Content/EditorMaterials/TilingAAGrid.uasset" 324
"../../../Engine/Content/EditorMaterials/LevelGridMaterial.uasset" 325
"../../../Engine/Content/EditorResources/SmallFont.uasset" 326
"../../../Engine/Content/EditorResources/S_KBSJoint.uasset" 327
"../../../Engine/Content/EditorResources/S_KHinge.uasset" 328
"../../../Engine/Content/EditorResources/S_KPrismatic.uasset" 329
"../../../Engine/Content/EditorResources/LightIcons/S_LightError.uasset" 330
"../../../Engine/Content/EditorResources/Spline/T_Loft_Spline.uasset" 331
"../../../Engine/Content/EngineMaterials/BlinkingCaret.uasset" 332
"../../../Engine/Content/EngineMaterials/DefaultNormal.uasset" 333
"../../../Engine/Content/EngineMaterials/Grid_N.uasset" 334
"../../../Engine/Content/EngineMaterials/LandscapeHolePhysicalMaterial.uasset" 335
"../../../Engine/Content/EngineMaterials/PaperDiffuse.uasset" 336
"../../../Engine/Content/EngineMaterials/PaperNormal.uasset" 337
"../../../Engine/Content/EngineMaterials/PhysMat_Rubber.uasset" 338
"../../../Engine/Content/EngineFonts/SmallFont.uasset" 339
"../../../Engine/Content/EngineFonts/TinyFont.uasset" 340
"../../../Engine/Content/EngineResources/StreamingPauseIcon.uasset" 341
"../../../Engine/Content/EngineResources/M_StreamingPause.uasset" 342
"../../../Engine/Content/EditorLandscapeResources/DefaultAlphaTexture.uasset" 343
"../../../Engine/Content/EditorResources/EmptyActor.uasset" 344
"../../../Engine/Content/BasicShapes/Sphere.uasset" 345
"../../../Engine/Content/BasicShapes/Cylinder.uasset" 346
"../../../Engine/Content/BasicShapes/Cone.uasset" 347
"../../../Engine/Content/Tutorial/Basics/TutorialAssets/icon_tab_Levels_40x.uasset" 348
"../../../Engine/Content/Tutorial/Basics/LevelEditorOverview.uasset" 349
"../../../Engine/Content/EditorMaterials/MakeCompositeARGBLayer.uasset" 350
"../../../Engine/Content/EditorResources/LevelGrid1DStripes.uasset" 351
"../../../Engine/Content/EditorMaterials/TextureGridCascaded1D.uasset" 352
"../../../Engine/Content/EditorMaterials/TextureGridCascaded2D.uasset" 353
"../../../Engine/Content/EditorMaterials/LevelGridMaterial2.uasset" 354
"../../../Engine/Content/EditorBlueprintResources/ActorMacros.uasset" 355
"../../../Engine/Content/ArtTools/RenderToTexture/Enums/EFloatTypes.uasset" 356
"../../../Engine/Content/ArtTools/RenderToTexture/Macros/RenderToTextureMacros.uasset" 357
"../../../Play4_9/Content/AdvancedTurnBasedTileToolkit/Blueprints/Gameplay/Enums/Enum_AIType.uasset" 358
"../../../Play4_9/Content/AdvancedTurnBasedTileToolkit/Blueprints/Gameplay/Enums/Enum_GameState.uasset" 359
"../../../Engine/Content/ArtTools/RenderToTexture/Enums/RenderToTexture_Enum.uasset" 360
"../../../Engine/Content/ArtTools/RenderToTexture/Enums/RenderToTexture_Flipbook_Enum.uasset" 361
"../../../Engine/Content/ArtTools/RenderToTexture/Enums/RenderToTexture_Imposter_Enum.uasset" 362
"../../../Engine/Content/EditorMaterials/GridMaterial.uasset" 363
"../../../Engine/Content/EditorMeshes/PhAT_FloorBox.uasset" 364
"../../../Engine/Content/EditorMaterials/AntialiasedGridFloor.uasset" 365
"../../../Engine/Content/EditorResources/TilePatine_D.uasset" 366
"../../../Engine/Content/EditorResources/TilePatine_N.uasset" 367
"../../../Engine/Content/EditorMaterials/PersonaFloorMat.uasset" 368
"../../../Engine/Content/Tutorial/BlueprintTutorials/TutorialAssets/Blueprint_64x.uasset" 369
"../../../Engine/Content/Tutorial/BlueprintTutorials/BlueprintEditorTutorial.uasset" 370
"../../../Engine/Content/Tutorial/BlueprintTutorials/TutorialAssets/BlueprintMacroLibrary_64x.uasset" 371
"../../../Engine/Content/Tutorial/BlueprintTutorials/TutorialAssets/Tutorial_BP_MacroLib.uasset" 372
"../../../Engine/Content/Tutorial/BlueprintTutorials/BlueprintMacroLibrariesEditorOverview.uasset" 373
"../../../Engine/Content/MobileResources/T_MobileMenu2.uasset" 374
"../../../Engine/Content/MobileResources/HUD/MobileHUDDirectionPad.uasset" 375
"../../../Engine/Content/MobileResources/HUD/MobileHUDButton2_off.uasset" 376
"../../../Engine/Content/MobileResources/HUD/T_Castle_ThumbstickInner.uasset" 377
"../../../Engine/Content/EditorSounds/GamePreview/EndPlayInEditor.uasset" 378
"../../../Engine/Content/EditorSounds/GamePreview/EndPlayInEditor_Cue.uasset" 379
"../../../Engine/Content/MobileResources/HUD/MobileHUDButton1_off.uasset" 380
"../../../Engine/Content/MobileResources/HUD/MobileHUDButton3.uasset" 381
"../../../Engine/Content/MobileResources/HUD/MobileHUDDirectionPad3.uasset" 382
"../../../Engine/Content/MobileResources/T_MobileControls_texture.uasset" 383
"../../../Engine/Content/MobileResources/HUD/AnalogHat.uasset" 384
"../../../Engine/Content/MobileResources/HUD/VirtualJoystick_Background.uasset" 385
"../../../Engine/Content/MobileResources/HUD/VirtualJoystick_Thumb.uasset" 386
"../../../Engine/Content/MobileResources/HUD/DefaultVirtualJoysticks.uasset" 387
"../../../Engine/Content/MobileResources/HUD/LeftVirtualJoystickOnly.uasset" 388
"../../../Engine/Content/MobileResources/HUD/MobileHUDButton1_on.uasset" 389
"../../../Engine/Content/MobileResources/HUD/MobileHUDButton2_on.uasset" 390
"../../../Engine/Content/MobileResources/HUD/MobileHUDButtonFire.uasset" 391
"../../../Engine/Content/MobileResources/HUD/MobileHUDDirectionPad2.uasset" 392
"../../../Engine/Content/MobileResources/HUD/MobileHUDDirectionStick.uasset" 393
"../../../Engine/Content/MobileResources/HUD/T_Castle_ThumbstickOutter.uasset" 394
"../../../Engine/Content/EditorSounds/GamePreview/StartPlayInEditor.uasset" 395
"../../../Engine/Content/EditorSounds/GamePreview/StartPlayInEditor_Cue.uasset" 396
